<?xml version="1.0" encoding="UTF-8"?>
<testng-results ignored="0" total="8" passed="8" failed="0" skipped="0">
  <reporter-output>
  </reporter-output>
  <suite started-at="2025-06-19T21:16:03 IST" name="Suite" finished-at="2025-06-19T21:16:32 IST" duration-ms="29624">
    <groups>
    </groups>
    <test started-at="2025-06-19T21:16:03 IST" name="Test1" finished-at="2025-06-19T21:16:17 IST" duration-ms="13900">
      <class name="test.TestCase">
        <test-method is-config="true" signature="setup(java.lang.String)[pri:0, instance:test.TestCase@489115ef]" started-at="2025-06-19T21:16:03 IST" name="setup" finished-at="2025-06-19T21:16:07 IST" duration-ms="4577" status="PASS">
          <params>
            <param index="0">
              <value>
                <![CDATA[chrome]]>
              </value>
            </param>
          </params>
          <reporter-output>
          </reporter-output>
        </test-method> <!-- setup -->
        <test-method signature="goToCreateAccount()[pri:1, instance:test.TestCase@489115ef]" started-at="2025-06-19T21:16:07 IST" name="goToCreateAccount" finished-at="2025-06-19T21:16:10 IST" duration-ms="2736" status="PASS">
          <reporter-output>
          </reporter-output>
        </test-method> <!-- goToCreateAccount -->
        <test-method signature="goToTermsAndConditions()[pri:2, instance:test.TestCase@489115ef]" started-at="2025-06-19T21:16:10 IST" name="goToTermsAndConditions" finished-at="2025-06-19T21:16:12 IST" duration-ms="1455" status="PASS">
          <reporter-output>
          </reporter-output>
        </test-method> <!-- goToTermsAndConditions -->
        <test-method signature="childWindowOp()[pri:3, instance:test.TestCase@489115ef]" started-at="2025-06-19T21:16:12 IST" name="childWindowOp" finished-at="2025-06-19T21:16:12 IST" duration-ms="116" status="PASS">
          <reporter-output>
          </reporter-output>
        </test-method> <!-- childWindowOp -->
        <test-method signature="switchBack()[pri:4, instance:test.TestCase@489115ef]" started-at="2025-06-19T21:16:12 IST" name="switchBack" finished-at="2025-06-19T21:16:14 IST" duration-ms="1985" status="PASS">
          <reporter-output>
          </reporter-output>
        </test-method> <!-- switchBack -->
        <test-method is-config="true" signature="closeBrowser()[pri:0, instance:test.TestCase@489115ef]" started-at="2025-06-19T21:16:14 IST" name="closeBrowser" finished-at="2025-06-19T21:16:17 IST" duration-ms="2969" status="PASS">
          <reporter-output>
          </reporter-output>
        </test-method> <!-- closeBrowser -->
      </class> <!-- test.TestCase -->
    </test> <!-- Test1 -->
    <test started-at="2025-06-19T21:16:17 IST" name="Test2" finished-at="2025-06-19T21:16:32 IST" duration-ms="15705">
      <class name="test.TestCase">
        <test-method is-config="true" signature="setup(java.lang.String)[pri:0, instance:test.TestCase@7d8704ef]" started-at="2025-06-19T21:16:17 IST" name="setup" finished-at="2025-06-19T21:16:23 IST" duration-ms="6217" status="PASS">
          <params>
            <param index="0">
              <value>
                <![CDATA[edge]]>
              </value>
            </param>
          </params>
          <reporter-output>
          </reporter-output>
        </test-method> <!-- setup -->
        <test-method signature="goToCreateAccount()[pri:1, instance:test.TestCase@7d8704ef]" started-at="2025-06-19T21:16:23 IST" name="goToCreateAccount" finished-at="2025-06-19T21:16:26 IST" duration-ms="2770" status="PASS">
          <reporter-output>
          </reporter-output>
        </test-method> <!-- goToCreateAccount -->
        <test-method signature="goToTermsAndConditions()[pri:2, instance:test.TestCase@7d8704ef]" started-at="2025-06-19T21:16:26 IST" name="goToTermsAndConditions" finished-at="2025-06-19T21:16:27 IST" duration-ms="1394" status="PASS">
          <reporter-output>
          </reporter-output>
        </test-method> <!-- goToTermsAndConditions -->
        <test-method signature="childWindowOp()[pri:3, instance:test.TestCase@7d8704ef]" started-at="2025-06-19T21:16:27 IST" name="childWindowOp" finished-at="2025-06-19T21:16:27 IST" duration-ms="246" status="PASS">
          <reporter-output>
          </reporter-output>
        </test-method> <!-- childWindowOp -->
        <test-method signature="switchBack()[pri:4, instance:test.TestCase@7d8704ef]" started-at="2025-06-19T21:16:27 IST" name="switchBack" finished-at="2025-06-19T21:16:29 IST" duration-ms="1276" status="PASS">
          <reporter-output>
          </reporter-output>
        </test-method> <!-- switchBack -->
        <test-method is-config="true" signature="closeBrowser()[pri:0, instance:test.TestCase@7d8704ef]" started-at="2025-06-19T21:16:29 IST" name="closeBrowser" finished-at="2025-06-19T21:16:32 IST" duration-ms="3788" status="PASS">
          <reporter-output>
          </reporter-output>
        </test-method> <!-- closeBrowser -->
      </class> <!-- test.TestCase -->
    </test> <!-- Test2 -->
  </suite> <!-- Suite -->
</testng-results>
