<?xml version="1.0" encoding="UTF-8"?>
<testng-results ignored="0" total="1" passed="1" failed="0" skipped="0">
  <reporter-output>
  </reporter-output>
  <suite started-at="2025-07-01T17:30:34 IST" name="RestAssuredTestSuite" finished-at="2025-07-01T17:30:36 IST" duration-ms="1608">
    <groups>
    </groups>
    <test started-at="2025-07-01T17:30:34 IST" name="BasicAuthTest" finished-at="2025-07-01T17:30:36 IST" duration-ms="1608">
      <class name="com.example.tests.BasicAuthApiTest11">
        <test-method signature="testGetPostWithBaseUriAndPathParam()[pri:0, instance:com.example.tests.BasicAuthApiTest11@6f96c77]" started-at="2025-07-01T17:30:35 IST" name="testGetPostWithBaseUriAndPathParam" finished-at="2025-07-01T17:30:36 IST" duration-ms="1576" status="PASS">
          <reporter-output>
          </reporter-output>
        </test-method> <!-- testGetPostWithBaseUriAndPathParam -->
      </class> <!-- com.example.tests.BasicAuthApiTest11 -->
    </test> <!-- BasicAuthTest -->
  </suite> <!-- RestAssuredTestSuite -->
</testng-results>
