<?xml version="1.0" encoding="UTF-8"?>
<testng-results ignored="0" total="1" passed="1" failed="0" skipped="0">
  <reporter-output>
  </reporter-output>
  <suite started-at="2025-07-03T11:39:43 IST" name="RestAssuredAPI_Suite" finished-at="2025-07-03T11:39:45 IST" duration-ms="2148">
    <groups>
    </groups>
    <test started-at="2025-07-03T11:39:43 IST" name="BookingAPI_Tests" finished-at="2025-07-03T11:39:45 IST" duration-ms="2148">
      <class name="com.example.apitests.FollowRedirectsNoRelaxedHttpsOnRedirects">
        <test-method signature="testFollowRedirectsWithSpecificHttpsValidation()[pri:0, instance:com.example.apitests.FollowRedirectsNoRelaxedHttpsOnRedirects@3ba9ad43]" started-at="2025-07-03T11:39:43 IST" name="testFollowRedirectsWithSpecificHttpsValidation" finished-at="2025-07-03T11:39:45 IST" duration-ms="2124" status="PASS">
          <reporter-output>
          </reporter-output>
        </test-method> <!-- testFollowRedirectsWithSpecificHttpsValidation -->
      </class> <!-- com.example.apitests.FollowRedirectsNoRelaxedHttpsOnRedirects -->
    </test> <!-- BookingAPI_Tests -->
  </suite> <!-- RestAssuredAPI_Suite -->
</testng-results>
