<?xml version="1.0" encoding="UTF-8"?>
<testsuite xmlns:xsi="http://www.w3.org/2001/XMLSchema-instance" xsi:noNamespaceSchemaLocation="https://maven.apache.org/surefire/maven-surefire-plugin/xsd/surefire-test-report-3.0.xsd" version="3.0" name="TestSuite" time="2.545" tests="1" errors="0" skipped="0" failures="0">
  <properties>
[...]
</properties>
  <testcase name="testFollowRedirectsWithSpecificHttpsValidation" classname="com.example.apitests.FollowRedirectsNoRelaxedHttpsOnRedirects" time="2.132">
    <system-out><![CDATA[
--- Testing API with specific redirect and HTTPS validation configuration ---
Note: 'https://simple-tool-rental-api.glitch.me/status' typically returns 200 OK directly and does not perform redirects.
Therefore, 'followRedirects(true)' will not change the request flow for this specific URL,
and 'relaxedHTTPSValidation()' on redirects will only be relevant if a redirect *were* to occur to an invalid HTTPS endpoint.
Request method:	GET
Request URI:	https://simple-tool-rental-api.glitch.me/status
Proxy:			<none>
Request params:	<none>
Query params:	<none>
Form params:	<none>
Path params:	<none>
Headers:		Accept=*/*
Cookies:		<none>
Multiparts:		<none>
Body:			<none>

Response Status Code: 200
Response Body:
{"status":"UP"}

Validated status code is 200 (OK) with redirect and HTTPS validation configuration applied.

API response with specific redirect and HTTPS validation configuration validated successfully!
]]></system-out>
    <system-err><![CDATA[SLF4J: Failed to load class "org.slf4j.impl.StaticLoggerBinder".
SLF4J: Defaulting to no-operation (NOP) logger implementation
SLF4J: See http://www.slf4j.org/codes.html#StaticLoggerBinder for further details.
]]></system-err>
  </testcase>
</testsuite>