<?xml version="1.0" encoding="UTF-8"?>
<!-- Generated by org.testng.reporters.JUnitXMLReporter -->
<testsuite ignored="0" hostname="LTIN617472" failures="0" tests="4" name="Test2" time="15.705" errors="0" timestamp="2025-06-19T21:16:32 IST">
  <testcase classname="test.TestCase" name="goToCreateAccount" time="2.77"/>
  <testcase classname="test.TestCase" name="goToTermsAndConditions" time="1.394"/>
  <testcase classname="test.TestCase" name="childWindowOp" time="0.246"/>
  <testcase classname="test.TestCase" name="switchBack" time="1.276"/>
</testsuite> <!-- Test2 -->
