<?xml version="1.0" encoding="UTF-8"?>
<!-- Generated by org.testng.reporters.JUnitXMLReporter -->
<testsuite ignored="0" hostname="LTIN617472" failures="0" tests="4" name="Test1" time="13.9" errors="0" timestamp="2025-06-19T21:16:17 IST">
  <testcase classname="test.TestCase" name="goToCreateAccount" time="2.736"/>
  <testcase classname="test.TestCase" name="goToTermsAndConditions" time="1.455"/>
  <testcase classname="test.TestCase" name="childWindowOp" time="0.116"/>
  <testcase classname="test.TestCase" name="switchBack" time="1.985"/>
</testsuite> <!-- Test1 -->
