<?xml version="1.0" encoding="UTF-8"?>
<!-- Generated by org.testng.reporters.JUnitXMLReporter -->
<testsuite ignored="0" hostname="LTIN617472" failures="0" tests="8" name="Test" time="79.759" errors="0" timestamp="2025-06-19T08:17:53 IST">
  <testcase classname="Test_Files.TestRunClass" name="searchShip" time="28.572"/>
  <testcase classname="Test_Files.TestRunClass" name="clickResult" time="5.996"/>
  <testcase classname="Test_Files.TestRunClass" name="bookNow" time="3.249"/>
  <testcase classname="Test_Files.TestRunClass" name="selectDateFilter" time="4.902"/>
  <testcase classname="Test_Files.TestRunClass" name="selectDepPortFilter" time="2.047"/>
  <testcase classname="Test_Files.TestRunClass" name="selectDestinationFilter" time="1.674"/>
  <testcase classname="Test_Files.TestRunClass" name="selectLength" time="1.336"/>
  <testcase classname="Test_Files.TestRunClass" name="resultFilter" time="6.782"/>
</testsuite> <!-- Test -->
