<?xml version="1.0" encoding="UTF-8"?>
<testng-results ignored="0" total="1" passed="1" failed="0" skipped="0">
  <reporter-output>
  </reporter-output>
  <suite started-at="2025-07-04T10:27:15 IST" name="NewRestAssuredAPI_Suite" finished-at="2025-07-04T10:27:18 IST" duration-ms="3003">
    <groups>
    </groups>
    <test started-at="2025-07-04T10:27:15 IST" name="NewAPI_Tests" finished-at="2025-07-04T10:27:18 IST" duration-ms="3003">
      <class name="com.newproject.apitests.CountUniversitiesResponseLog">
        <test-method signature="countUniversitiesInFranceAndLogResponse()[pri:0, instance:com.newproject.apitests.CountUniversitiesResponseLog@36bc55de]" started-at="2025-07-04T10:27:15 IST" name="countUniversitiesInFranceAndLogResponse" finished-at="2025-07-04T10:27:18 IST" duration-ms="2962" status="PASS">
          <reporter-output>
          </reporter-output>
        </test-method> <!-- countUniversitiesInFranceAndLogResponse -->
      </class> <!-- com.newproject.apitests.CountUniversitiesResponseLog -->
    </test> <!-- NewAPI_Tests -->
  </suite> <!-- NewRestAssuredAPI_Suite -->
</testng-results>
