<?xml version="1.0" encoding="UTF-8"?>
<!-- Generated by org.testng.reporters.JUnitXMLReporter -->
<testsuite ignored="0" hostname="LTIN617472" failures="1" tests="1" name="SampleAPITests" time="1.098" errors="0" timestamp="2025-07-03T08:48:37 IST">
  <testcase classname="com.example.api.tests.RestAssuredStatusCodeVerification" name="verifyBookingApiStatusCode" time="1.039">
    <failure type="java.lang.AssertionError" message="Failed to read request body from file: booking_input.json">
      <![CDATA[java.lang.AssertionError: Failed to read request body from file: booking_input.json
at com.example.api.tests.RestAssuredStatusCodeVerification.verifyBookingApiStatusCode(RestAssuredStatusCodeVerification.java:28)
at java.base/java.util.ArrayList.forEach(ArrayList.java:1596)
... Removed 30 stack frames]]>
    </failure>
  </testcase> <!-- verifyBookingApiStatusCode -->
</testsuite> <!-- SampleAPITests -->
